<?xml version="1.0" encoding="UTF-8"?>
<robot generator="Robot 7.3.2 (Python 3.13.7 on win32)" generated="2026-09-24T11:55:46.191464" rpa="false" schemaversion="5">
<suite id="s1" name="Demo" source="e:\Profile\Web-Dev-Projects\Testing-2026\Robot Folder\demo.robot">
<test id="s1-t1" name="Remove from List" line="47">
<kw name="Remove From List" owner="Collections">
<msg time="2026-09-24T11:55:46.278388" level="FAIL">Variable '${names}' not found.</msg>
<var>${new}</var>
<arg>${names}</arg>
<arg>0</arg>
<doc>Removes and returns the value specified with an ``index`` from ``list``.</doc>
<status status="FAIL" start="2026-09-24T11:55:46.277523" elapsed="0.003048">Variable '${names}' not found.</status>
</kw>
<kw name="Should Be Equal" owner="BuiltIn">
<arg>${new}</arg>
<arg>Donald</arg>
<doc>Fails if the given objects are unequal.</doc>
<status status="NOT RUN" start="2026-09-24T11:55:46.281125" elapsed="0.000138"/>
</kw>
<kw name="Should Be Equal" owner="BuiltIn">
<arg>${names}[0]</arg>
<arg>Mickey</arg>
<doc>Fails if the given objects are unequal.</doc>
<status status="NOT RUN" start="2026-09-24T11:55:46.281926" elapsed="0.000161"/>
</kw>
<status status="FAIL" start="2026-09-24T11:55:46.276354" elapsed="0.006182">Variable '${names}' not found.</status>
</test>
<status status="FAIL" start="2026-09-24T11:55:46.197244" elapsed="0.086208"/>
</suite>
<statistics>
<total>
<stat pass="0" fail="1" skip="0">All Tests</stat>
</total>
<tag>
</tag>
<suite>
<stat name="Demo" id="s1" pass="0" fail="1" skip="0">Demo</stat>
</suite>
</statistics>
<errors>
</errors>
</robot>
