<?xml version="1.0" encoding="UTF-8"?>
<robot generator="Robot 7.4.2 (Python 3.14.7 on win32)" generated="2026-09-24T12:40:11.340959" rpa="false" schemaversion="5">
<suite id="s1" name="Testing-2026" source="E:\Profile\Web-Dev-Projects\Testing-2026">
<suite id="s1-s1" name="Robot Folder" source="E:\Profile\Web-Dev-Projects\Testing-2026\Robot Folder">
<suite id="s1-s1-s1" name="Demo" source="E:\Profile\Web-Dev-Projects\Testing-2026\Robot Folder\demo.robot">
<test id="s1-s1-s1-t1" name="Make a new directory" line="60">
<kw name="Create Directory" owner="OperatingSystem">
<msg time="2026-09-24T12:40:11.431048" level="INFO" html="true">Directory '&lt;a href="file://C:\Testing 2026\testing"&gt;C:\Testing 2026\testing&lt;/a&gt;' already exists.</msg>
<arg>C:\\Testing 2026\\testing</arg>
<doc>Creates the specified directory.</doc>
<status status="PASS" start="2026-09-24T12:40:11.430564" elapsed="0.000832"/>
</kw>
<kw name="Directory Should Exist" owner="OperatingSystem">
<msg time="2026-09-24T12:40:11.432286" level="INFO" html="true">Directory '&lt;a href="file://C:\Testing 2026\testing"&gt;C:\Testing 2026\testing&lt;/a&gt;' exists.</msg>
<arg>C:\\Testing 2026\\testing</arg>
<doc>Fails unless the given path points to an existing directory.</doc>
<status status="PASS" start="2026-09-24T12:40:11.431766" elapsed="0.000783"/>
</kw>
<status status="PASS" start="2026-09-24T12:40:11.426919" elapsed="0.005899"/>
</test>
<status status="PASS" start="2026-09-24T12:40:11.385480" elapsed="0.053868"/>
</suite>
<status status="PASS" start="2026-09-24T12:40:11.376210" elapsed="0.066174"/>
</suite>
<status status="PASS" start="2026-09-24T12:40:11.345879" elapsed="0.100638"/>
</suite>
<statistics>
<total>
<stat pass="1" fail="0" skip="0">All Tests</stat>
</total>
<tag>
</tag>
<suite>
<stat name="Testing-2026" id="s1" pass="1" fail="0" skip="0">Testing-2026</stat>
<stat name="Robot Folder" id="s1-s1" pass="1" fail="0" skip="0">Testing-2026.Robot Folder</stat>
<stat name="Demo" id="s1-s1-s1" pass="1" fail="0" skip="0">Testing-2026.Robot Folder.Demo</stat>
</suite>
</statistics>
<errors>
</errors>
</robot>
